<?xml version="1.0" encoding="UTF-8"?>
<!-- Generated by org.testng.reporters.JUnitXMLReporter -->
<testsuite hostname="SUPERFAST" name="Command line test 53652d7f-00d1-47a5-a786-73aae984fcd5" tests="2" failures="1" timestamp="21 Mar 2017 20:32:17 GMT" time="30.634" errors="0">
  <testcase name="feature" time="29.612" classname="runnerFiles.Login_FeatureRunner">
    <failure type="cucumber.runtime.CucumberException" message="java.lang.AssertionError: expected [This email is not registered.] but found [This password is not correct.]">
      <![CDATA[cucumber.runtime.CucumberException: java.lang.AssertionError: expected [This email is not registered.] but found [This password is not correct.]
	at cucumber.api.testng.TestNGCucumberRunner.runCucumber(TestNGCucumberRunner.java:69)
	at cucumber.api.testng.AbstractTestNGCucumberTests.feature(AbstractTestNGCucumberTests.java:21)
	at org.apache.maven.surefire.testng.TestNGExecutor.run(TestNGExecutor.java:91)
	at org.apache.maven.surefire.testng.TestNGDirectoryTestSuite.executeSingleClass(TestNGDirectoryTestSuite.java:128)
	at org.apache.maven.surefire.testng.TestNGDirectoryTestSuite.execute(TestNGDirectoryTestSuite.java:112)
	at org.apache.maven.surefire.testng.TestNGProvider.invoke(TestNGProvider.java:113)
	at org.apache.maven.surefire.booter.ForkedBooter.invokeProviderInSameClassLoader(ForkedBooter.java:200)
	at org.apache.maven.surefire.booter.ForkedBooter.runSuitesInProcess(ForkedBooter.java:153)
	at org.apache.maven.surefire.booter.ForkedBooter.main(ForkedBooter.java:103)
Caused by: java.lang.AssertionError: expected [This email is not registered.] but found [This password is not correct.]
	at stepDefs.AccessToSystemSteps.validamos_que_ingresamos_a_pagina_con_mensaje_y_condicion_y_name(AccessToSystemSteps.java:60)
	at âœ½.Then Validamos que ingresamos a pagina con mensaje "This email is not registered." y condicion "unsuccessfull login" y name "Oscar"(AccessToSystem.feature:10)
... Removed 26 stack frames]]>
    </failure>
  </testcase> <!-- feature -->
  <testcase name="feature" time="0.015" classname="runnerFiles.Login_FeatureRunner"/>
</testsuite> <!-- Command line test 53652d7f-00d1-47a5-a786-73aae984fcd5 -->
