<?xml version="1.0" encoding="UTF-8"?>
<!-- Generated by org.testng.reporters.JUnitXMLReporter -->
<testsuite hostname="SUPERFAST" name="Command line test 7911f246-9cf3-4e23-a5e7-c35d1675c887" tests="3" failures="1" timestamp="23 Mar 2017 20:38:09 GMT" time="39.996" errors="0">
  <testcase name="feature" time="38.99" classname="runnerFiles.Login_FeatureRunner">
    <failure type="cucumber.runtime.CucumberException" message="java.lang.AssertionError: expected [gamedb2] but found [[[ChromeDriver: chrome on WIN8_1 (5b6c52cda8684cb756cf25cb62b2923a)] -&amp;gt; xpath: html/body/navbar/div/div/div[1]/a]]">
      <![CDATA[cucumber.runtime.CucumberException: java.lang.AssertionError: expected [gamedb2] but found [[[ChromeDriver: chrome on WIN8_1 (5b6c52cda8684cb756cf25cb62b2923a)] -> xpath: html/body/navbar/div/div/div[1]/a]]
	at cucumber.api.testng.TestNGCucumberRunner.runCucumber(TestNGCucumberRunner.java:69)
	at cucumber.api.testng.AbstractTestNGCucumberTests.feature(AbstractTestNGCucumberTests.java:21)
	at org.apache.maven.surefire.testng.TestNGExecutor.run(TestNGExecutor.java:91)
	at org.apache.maven.surefire.testng.TestNGDirectoryTestSuite.executeSingleClass(TestNGDirectoryTestSuite.java:128)
	at org.apache.maven.surefire.testng.TestNGDirectoryTestSuite.execute(TestNGDirectoryTestSuite.java:112)
	at org.apache.maven.surefire.testng.TestNGProvider.invoke(TestNGProvider.java:113)
	at org.apache.maven.surefire.booter.ForkedBooter.invokeProviderInSameClassLoader(ForkedBooter.java:200)
	at org.apache.maven.surefire.booter.ForkedBooter.runSuitesInProcess(ForkedBooter.java:153)
	at org.apache.maven.surefire.booter.ForkedBooter.main(ForkedBooter.java:103)
Caused by: java.lang.AssertionError: expected [gamedb2] but found [[[ChromeDriver: chrome on WIN8_1 (5b6c52cda8684cb756cf25cb62b2923a)] -> xpath: html/body/navbar/div/div/div[1]/a]]
	at stepDefs.AccessToSystemSteps.validamos_HomeWebElements_pageName_gamesModule_logoutLabel_angularVersion_footerLinks(AccessToSystemSteps.java:92)
	at âœ½.Then Validamos HomeWebElements pageName"gamedb2" gamesModule"Game" logoutLabel"Logout" angularVersion"Angular Fullstack v4.1.4" footerLinks "Documentation,Chat on Gitter,Issues,Donate to our Open Collective"(AccessToSystem.feature:11)
... Removed 25 stack frames]]>
    </failure>
  </testcase> <!-- feature -->
  <testcase name="feature" time="0.0" classname="runnerFiles.Login_FeatureRunner"/>
  <testcase name="feature" time="0.0" classname="runnerFiles.Login_FeatureRunner"/>
</testsuite> <!-- Command line test 7911f246-9cf3-4e23-a5e7-c35d1675c887 -->
