<?xml version="1.0" encoding="UTF-8"?>
<!-- Generated by org.testng.reporters.JUnitXMLReporter -->
<testsuite hostname="SUPERFAST" name="Command line test 7dc8abb4-c74f-4b23-aec7-275b45135030" tests="2" failures="1" timestamp="21 Mar 2017 19:26:01 GMT" time="30.325" errors="0">
  <testcase name="feature" time="0.047" classname="runnerFiles.Login_FeatureRunner"/>
  <testcase name="feature" time="29.035" classname="runnerFiles.Login_FeatureRunner">
    <failure type="cucumber.runtime.CucumberException" message="java.lang.AssertionError: expected [rgb(169, 68, 66)] but found [rgb(51, 51, 51)]">
      <![CDATA[cucumber.runtime.CucumberException: java.lang.AssertionError: expected [rgb(169, 68, 66)] but found [rgb(51, 51, 51)]
	at cucumber.api.testng.TestNGCucumberRunner.runCucumber(TestNGCucumberRunner.java:69)
	at cucumber.api.testng.AbstractTestNGCucumberTests.feature(AbstractTestNGCucumberTests.java:21)
	at org.apache.maven.surefire.testng.TestNGExecutor.run(TestNGExecutor.java:91)
	at org.apache.maven.surefire.testng.TestNGDirectoryTestSuite.executeSingleClass(TestNGDirectoryTestSuite.java:128)
	at org.apache.maven.surefire.testng.TestNGDirectoryTestSuite.execute(TestNGDirectoryTestSuite.java:112)
	at org.apache.maven.surefire.testng.TestNGProvider.invoke(TestNGProvider.java:113)
	at org.apache.maven.surefire.booter.ForkedBooter.invokeProviderInSameClassLoader(ForkedBooter.java:200)
	at org.apache.maven.surefire.booter.ForkedBooter.runSuitesInProcess(ForkedBooter.java:153)
	at org.apache.maven.surefire.booter.ForkedBooter.main(ForkedBooter.java:103)
Caused by: java.lang.AssertionError: expected [rgb(169, 68, 66)] but found [rgb(51, 51, 51)]
	at stepDefs.SingUpSteps.validamos_que_ingresamos_a_pagina_con_mensaje_condicion_y_name(SingUpSteps.java:62)
	at âœ½.Then Validamos que ingresamos a pagina con mensaje "A name is required"condicion "unsuccessfull singUp" y name ""(SingUp.feature:10)
... Removed 26 stack frames]]>
    </failure>
  </testcase> <!-- feature -->
</testsuite> <!-- Command line test 7dc8abb4-c74f-4b23-aec7-275b45135030 -->
