<?xml version="1.0" encoding="UTF-8"?>
<!-- Generated by org.testng.reporters.JUnitXMLReporter -->
<testsuite hostname="SUPERFAST" name="Command line test b8c64102-8208-4c1f-b953-6dec103d9f12" tests="2" failures="1" timestamp="22 Mar 2017 22:53:00 GMT" time="25.974" errors="0">
  <testcase name="feature" time="24.82" classname="runnerFiles.Login_FeatureRunner">
    <failure type="cucumber.runtime.CucumberException" message="java.lang.AssertionError: expected [Please enter your email and password.] but found []">
      <![CDATA[cucumber.runtime.CucumberException: java.lang.AssertionError: expected [Please enter your email and password.] but found []
	at cucumber.api.testng.TestNGCucumberRunner.runCucumber(TestNGCucumberRunner.java:69)
	at cucumber.api.testng.AbstractTestNGCucumberTests.feature(AbstractTestNGCucumberTests.java:21)
	at org.apache.maven.surefire.testng.TestNGExecutor.run(TestNGExecutor.java:91)
	at org.apache.maven.surefire.testng.TestNGDirectoryTestSuite.executeSingleClass(TestNGDirectoryTestSuite.java:128)
	at org.apache.maven.surefire.testng.TestNGDirectoryTestSuite.execute(TestNGDirectoryTestSuite.java:112)
	at org.apache.maven.surefire.testng.TestNGProvider.invoke(TestNGProvider.java:113)
	at org.apache.maven.surefire.booter.ForkedBooter.invokeProviderInSameClassLoader(ForkedBooter.java:200)
	at org.apache.maven.surefire.booter.ForkedBooter.runSuitesInProcess(ForkedBooter.java:153)
	at org.apache.maven.surefire.booter.ForkedBooter.main(ForkedBooter.java:103)
Caused by: java.lang.AssertionError: expected [Please enter your email and password.] but found []
	at stepDefs.AccessToSystemSteps.validamos_que_ingresamos_a_pagina_con_mensaje_y_condicion_y_name(AccessToSystemSteps.java:63)
	at âœ½.Then Validamos que ingresamos a pagina con mensaje "Please enter your email and password." y condicion "unsuccessfull login" y name ""(AccessToSystem.feature:10)
... Removed 26 stack frames]]>
    </failure>
  </testcase> <!-- feature -->
  <testcase name="feature" time="0.016" classname="runnerFiles.Login_FeatureRunner"/>
</testsuite> <!-- Command line test b8c64102-8208-4c1f-b953-6dec103d9f12 -->
