<?xml version="1.0" encoding="UTF-8"?>
<!-- Generated by org.testng.reporters.JUnitXMLReporter -->
<testsuite hostname="SUPERFAST" name="Command line test d60025b9-343a-4da6-8c45-15ce414b1390" tests="2" failures="1" timestamp="22 Mar 2017 23:06:24 GMT" time="28.837" errors="0">
  <testcase name="feature" time="27.973" classname="runnerFiles.Login_FeatureRunner">
    <failure type="cucumber.runtime.CucumberException" message="java.lang.AssertionError: expected [https://gamedb2.herokuapp.com/login] but found [https://gamedb2.herokuapp.com/]">
      <![CDATA[cucumber.runtime.CucumberException: java.lang.AssertionError: expected [https://gamedb2.herokuapp.com/login] but found [https://gamedb2.herokuapp.com/]
	at cucumber.api.testng.TestNGCucumberRunner.runCucumber(TestNGCucumberRunner.java:69)
	at cucumber.api.testng.AbstractTestNGCucumberTests.feature(AbstractTestNGCucumberTests.java:21)
	at org.apache.maven.surefire.testng.TestNGExecutor.run(TestNGExecutor.java:91)
	at org.apache.maven.surefire.testng.TestNGDirectoryTestSuite.executeSingleClass(TestNGDirectoryTestSuite.java:128)
	at org.apache.maven.surefire.testng.TestNGDirectoryTestSuite.execute(TestNGDirectoryTestSuite.java:112)
	at org.apache.maven.surefire.testng.TestNGProvider.invoke(TestNGProvider.java:113)
	at org.apache.maven.surefire.booter.ForkedBooter.invokeProviderInSameClassLoader(ForkedBooter.java:200)
	at org.apache.maven.surefire.booter.ForkedBooter.runSuitesInProcess(ForkedBooter.java:153)
	at org.apache.maven.surefire.booter.ForkedBooter.main(ForkedBooter.java:103)
Caused by: java.lang.AssertionError: expected [https://gamedb2.herokuapp.com/login] but found [https://gamedb2.herokuapp.com/]
	at stepDefs.AccessToSystemSteps.validamos_que_ingresamos_a_pagina_con_mensaje_y_condicion_y_name(AccessToSystemSteps.java:74)
	at âœ½.Then Validamos que ingresamos a pagina con mensaje "Please enter your email and password." y condicion "unsuccessfull login" y name ""(AccessToSystem.feature:10)
... Removed 26 stack frames]]>
    </failure>
  </testcase> <!-- feature -->
  <testcase name="feature" time="0.016" classname="runnerFiles.Login_FeatureRunner"/>
</testsuite> <!-- Command line test d60025b9-343a-4da6-8c45-15ce414b1390 -->
