<?xml version="1.0" encoding="UTF-8"?>
<!-- Generated by org.testng.reporters.JUnitXMLReporter -->
<testsuite hostname="SUPERFAST" name="Command line test a5759a42-f9cb-441f-9231-51b657d71b68" tests="2" failures="1" timestamp="23 Mar 2017 23:45:49 GMT" time="167.961" errors="0">
  <testcase name="feature" time="166.581" classname="runnerFiles.Login_FeatureRunner">
    <failure type="cucumber.runtime.CucumberException" message="java.lang.AssertionError:  has not been found expected [true] but found [false]">
      <![CDATA[cucumber.runtime.CucumberException: java.lang.AssertionError:  has not been found expected [true] but found [false]
	at cucumber.api.testng.TestNGCucumberRunner.runCucumber(TestNGCucumberRunner.java:69)
	at cucumber.api.testng.AbstractTestNGCucumberTests.feature(AbstractTestNGCucumberTests.java:21)
	at org.apache.maven.surefire.testng.TestNGExecutor.run(TestNGExecutor.java:91)
	at org.apache.maven.surefire.testng.TestNGDirectoryTestSuite.executeSingleClass(TestNGDirectoryTestSuite.java:128)
	at org.apache.maven.surefire.testng.TestNGDirectoryTestSuite.execute(TestNGDirectoryTestSuite.java:112)
	at org.apache.maven.surefire.testng.TestNGProvider.invoke(TestNGProvider.java:113)
	at org.apache.maven.surefire.booter.ForkedBooter.invokeProviderInSameClassLoader(ForkedBooter.java:200)
	at org.apache.maven.surefire.booter.ForkedBooter.runSuitesInProcess(ForkedBooter.java:153)
	at org.apache.maven.surefire.booter.ForkedBooter.main(ForkedBooter.java:103)
Caused by: java.lang.AssertionError:  has not been found expected [true] but found [false]
	at stepDefs.AccessToSystemSteps.validamos_HomeWebElements_pageName_gamesModule_logoutLabel_angularVersion_footerLinks(AccessToSystemSteps.java:97)
	at âœ½.Then Validamos HomeWebElements pageName"" gamesModule"" logoutLabel"" angularVersion"" footerLinks ""(AccessToSystem.feature:10)
... Removed 24 stack frames]]>
    </failure>
  </testcase> <!-- feature -->
  <testcase name="feature" time="0.016" classname="runnerFiles.Login_FeatureRunner"/>
</testsuite> <!-- Command line test a5759a42-f9cb-441f-9231-51b657d71b68 -->
