<?xml version="1.0" encoding="UTF-8"?>
<!-- Generated by org.testng.reporters.JUnitXMLReporter -->
<testsuite hostname="SUPERFAST" name="Command line test 39f5385d-c1ee-4392-9fa4-db0641eb2972" tests="1" failures="0" timestamp="20 Mar 2017 23:23:38 GMT" time="1.016" errors="0">
  <testcase name="@BeforeClass setUpClass" time="0.0" classname="runnerFiles.Login_FeatureRunner">
    <failure type="cucumber.runtime.DuplicateStepDefinitionException" message="Duplicate step definitions in stepDefs.TestCaseGameDB2.presionamos_login() in file:/C:/Java/Workspace/VPCodingClub-master/VPCodingClub-master/SeleniumCucumberMaster/target/test-classes/ and stepDefs.AccessToSystemSteps.presionamos_login() in file:/C:/Java/Workspace/VPCodingClub-master/VPCodingClub-master/SeleniumCucumberMaster/target/test-classes/">
      <![CDATA[cucumber.runtime.DuplicateStepDefinitionException: Duplicate step definitions in stepDefs.TestCaseGameDB2.presionamos_login() in file:/C:/Java/Workspace/VPCodingClub-master/VPCodingClub-master/SeleniumCucumberMaster/target/test-classes/ and stepDefs.AccessToSystemSteps.presionamos_login() in file:/C:/Java/Workspace/VPCodingClub-master/VPCodingClub-master/SeleniumCucumberMaster/target/test-classes/
	at cucumber.runtime.RuntimeGlue.addStepDefinition(RuntimeGlue.java:33)
	at cucumber.runtime.java.JavaBackend.addStepDefinition(JavaBackend.java:151)
	at cucumber.runtime.java.MethodScanner.scan(MethodScanner.java:68)
	at cucumber.runtime.java.MethodScanner.scan(MethodScanner.java:41)
	at cucumber.runtime.java.JavaBackend.loadGlue(JavaBackend.java:86)
	at cucumber.runtime.Runtime.<init>(Runtime.java:91)
	at cucumber.runtime.Runtime.<init>(Runtime.java:69)
	at cucumber.runtime.Runtime.<init>(Runtime.java:65)
	at cucumber.api.testng.TestNGCucumberRunner.<init>(TestNGCucumberRunner.java:42)
	at cucumber.api.testng.AbstractTestNGCucumberTests.setUpClass(AbstractTestNGCucumberTests.java:16)
	at org.apache.maven.surefire.testng.TestNGExecutor.run(TestNGExecutor.java:91)
	at org.apache.maven.surefire.testng.TestNGDirectoryTestSuite.executeSingleClass(TestNGDirectoryTestSuite.java:128)
	at org.apache.maven.surefire.testng.TestNGDirectoryTestSuite.execute(TestNGDirectoryTestSuite.java:112)
	at org.apache.maven.surefire.testng.TestNGProvider.invoke(TestNGProvider.java:113)
	at org.apache.maven.surefire.booter.ForkedBooter.invokeProviderInSameClassLoader(ForkedBooter.java:200)
	at org.apache.maven.surefire.booter.ForkedBooter.runSuitesInProcess(ForkedBooter.java:153)
	at org.apache.maven.surefire.booter.ForkedBooter.main(ForkedBooter.java:103)
... Removed 21 stack frames]]>
    </failure>
  </testcase> <!-- @BeforeClass setUpClass -->
  <testcase name="@AfterClass tearDownClass" time="0.0" classname="runnerFiles.Login_FeatureRunner">
    <skipped/>
  </testcase> <!-- @AfterClass tearDownClass -->
  <testcase name="feature" time="0.016" classname="runnerFiles.Login_FeatureRunner">
    <skipped/>
  </testcase> <!-- feature -->
</testsuite> <!-- Command line test 39f5385d-c1ee-4392-9fa4-db0641eb2972 -->
