<?xml version="1.0" encoding="UTF-8"?>
<!-- Generated by org.testng.reporters.JUnitXMLReporter -->
<testsuite hostname="SUPERFAST" name="Command line test 5d39f81a-77de-4519-9b17-81bcf792d327" tests="3" failures="1" timestamp="23 Mar 2017 20:39:57 GMT" time="28.618" errors="0">
  <testcase name="feature" time="27.629" classname="runnerFiles.Login_FeatureRunner">
    <failure type="cucumber.runtime.CucumberException" message="java.lang.AssertionError: expected [Game] but found [Games]">
      <![CDATA[cucumber.runtime.CucumberException: java.lang.AssertionError: expected [Game] but found [Games]
	at cucumber.api.testng.TestNGCucumberRunner.runCucumber(TestNGCucumberRunner.java:69)
	at cucumber.api.testng.AbstractTestNGCucumberTests.feature(AbstractTestNGCucumberTests.java:21)
	at org.apache.maven.surefire.testng.TestNGExecutor.run(TestNGExecutor.java:91)
	at org.apache.maven.surefire.testng.TestNGDirectoryTestSuite.executeSingleClass(TestNGDirectoryTestSuite.java:128)
	at org.apache.maven.surefire.testng.TestNGDirectoryTestSuite.execute(TestNGDirectoryTestSuite.java:112)
	at org.apache.maven.surefire.testng.TestNGProvider.invoke(TestNGProvider.java:113)
	at org.apache.maven.surefire.booter.ForkedBooter.invokeProviderInSameClassLoader(ForkedBooter.java:200)
	at org.apache.maven.surefire.booter.ForkedBooter.runSuitesInProcess(ForkedBooter.java:153)
	at org.apache.maven.surefire.booter.ForkedBooter.main(ForkedBooter.java:103)
Caused by: java.lang.AssertionError: expected [Game] but found [Games]
	at stepDefs.AccessToSystemSteps.validamos_HomeWebElements_pageName_gamesModule_logoutLabel_angularVersion_footerLinks(AccessToSystemSteps.java:93)
	at âœ½.Then Validamos HomeWebElements pageName"gamedb2" gamesModule"Game" logoutLabel"Logout" angularVersion"Angular Fullstack v4.1.4" footerLinks "Documentation,Chat on Gitter,Issues,Donate to our Open Collective"(AccessToSystem.feature:11)
... Removed 26 stack frames]]>
    </failure>
  </testcase> <!-- feature -->
  <testcase name="feature" time="0.0" classname="runnerFiles.Login_FeatureRunner"/>
  <testcase name="feature" time="0.0" classname="runnerFiles.Login_FeatureRunner"/>
</testsuite> <!-- Command line test 5d39f81a-77de-4519-9b17-81bcf792d327 -->
