<?xml version="1.0" encoding="UTF-8"?>
<!-- Generated by org.testng.reporters.JUnitXMLReporter -->
<testsuite hostname="SUPERFAST" name="Command line test 5d0f2da6-138a-4913-8891-3b67ad9d3772" tests="2" failures="1" timestamp="22 Mar 2017 22:11:43 GMT" time="25.99" errors="0">
  <testcase name="feature" time="0.046" classname="runnerFiles.Login_FeatureRunner"/>
  <testcase name="feature" time="24.213" classname="runnerFiles.Login_FeatureRunner">
    <failure type="cucumber.runtime.CucumberException" message="java.lang.AssertionError: expected [https://gamedb2.herokuapp.com/signup] but found [https://gamedb2.herokuapp.com/]">
      <![CDATA[cucumber.runtime.CucumberException: java.lang.AssertionError: expected [https://gamedb2.herokuapp.com/signup] but found [https://gamedb2.herokuapp.com/]
	at cucumber.api.testng.TestNGCucumberRunner.runCucumber(TestNGCucumberRunner.java:69)
	at cucumber.api.testng.AbstractTestNGCucumberTests.feature(AbstractTestNGCucumberTests.java:21)
	at org.apache.maven.surefire.testng.TestNGExecutor.run(TestNGExecutor.java:91)
	at org.apache.maven.surefire.testng.TestNGDirectoryTestSuite.executeSingleClass(TestNGDirectoryTestSuite.java:128)
	at org.apache.maven.surefire.testng.TestNGDirectoryTestSuite.execute(TestNGDirectoryTestSuite.java:112)
	at org.apache.maven.surefire.testng.TestNGProvider.invoke(TestNGProvider.java:113)
	at org.apache.maven.surefire.booter.ForkedBooter.invokeProviderInSameClassLoader(ForkedBooter.java:200)
	at org.apache.maven.surefire.booter.ForkedBooter.runSuitesInProcess(ForkedBooter.java:153)
	at org.apache.maven.surefire.booter.ForkedBooter.main(ForkedBooter.java:103)
Caused by: java.lang.AssertionError: expected [https://gamedb2.herokuapp.com/signup] but found [https://gamedb2.herokuapp.com/]
	at stepDefs.SingUpSteps.validamos_que_ingresamos_a_pagina_con_mensaje_condicion_y_name(SingUpSteps.java:86)
	at âœ½.Then Validamos que ingresamos a pagina con mensaje ""condicion "successfull singUp" y name "Oscar"(SingUp.feature:10)
... Removed 26 stack frames]]>
    </failure>
  </testcase> <!-- feature -->
</testsuite> <!-- Command line test 5d0f2da6-138a-4913-8891-3b67ad9d3772 -->
