<?xml version="1.0" encoding="UTF-8"?>
<!-- Generated by org.testng.reporters.JUnitXMLReporter -->
<testsuite hostname="SUPERFAST" name="Command line test a587f389-ebb7-46ee-9161-a9e45472082e" tests="2" failures="1" timestamp="23 Mar 2017 23:33:30 GMT" time="118.89" errors="0">
  <testcase name="feature" time="117.893" classname="runnerFiles.Login_FeatureRunner">
    <failure type="cucumber.runtime.CucumberException" message="java.lang.AssertionError: expected [Games] but found []">
      <![CDATA[cucumber.runtime.CucumberException: java.lang.AssertionError: expected [Games] but found []
	at cucumber.api.testng.TestNGCucumberRunner.runCucumber(TestNGCucumberRunner.java:69)
	at cucumber.api.testng.AbstractTestNGCucumberTests.feature(AbstractTestNGCucumberTests.java:21)
	at org.apache.maven.surefire.testng.TestNGExecutor.run(TestNGExecutor.java:91)
	at org.apache.maven.surefire.testng.TestNGDirectoryTestSuite.executeSingleClass(TestNGDirectoryTestSuite.java:128)
	at org.apache.maven.surefire.testng.TestNGDirectoryTestSuite.execute(TestNGDirectoryTestSuite.java:112)
	at org.apache.maven.surefire.testng.TestNGProvider.invoke(TestNGProvider.java:113)
	at org.apache.maven.surefire.booter.ForkedBooter.invokeProviderInSameClassLoader(ForkedBooter.java:200)
	at org.apache.maven.surefire.booter.ForkedBooter.runSuitesInProcess(ForkedBooter.java:153)
	at org.apache.maven.surefire.booter.ForkedBooter.main(ForkedBooter.java:103)
Caused by: java.lang.AssertionError: expected [Games] but found []
	at stepDefs.AccessToSystemSteps.validamos_HomeWebElements_pageName_gamesModule_logoutLabel_angularVersion_footerLinks(AccessToSystemSteps.java:101)
	at âœ½.Then Validamos HomeWebElements pageName"gamedb2" gamesModule"Games" logoutLabel"Logout" angularVersion"Angular Fullstack v4.1.4" footerLinks "Documentation,Chat on Gitter,Issues,Donate to our Open Collective"(AccessToSystem.feature:11)
... Removed 26 stack frames]]>
    </failure>
  </testcase> <!-- feature -->
  <testcase name="feature" time="0.0" classname="runnerFiles.Login_FeatureRunner"/>
</testsuite> <!-- Command line test a587f389-ebb7-46ee-9161-a9e45472082e -->
