<!DOCTYPE html>

<html>
  <head>
  <title>TestNG reports</title>

    <link type="text/css" href="testng-reports.css" rel="stylesheet" />  
    <script type="text/javascript" src="jquery-1.7.1.min.js"></script>
    <script type="text/javascript" src="testng-reports.js"></script>
    <script type="text/javascript" src="https://www.google.com/jsapi"></script>
    <script type='text/javascript'>
      google.load('visualization', '1', {packages:['table']});
      google.setOnLoadCallback(drawTable);
      var suiteTableInitFunctions = new Array();
      var suiteTableData = new Array();
    </script>
    <!--
      <script type="text/javascript" src="jquery-ui/js/jquery-ui-1.8.16.custom.min.js"></script>
     -->
  </head>

  <body>
    <div class="top-banner-root">
      <span class="top-banner-title-font">Test results</span>
      <br/>
      <span class="top-banner-font-1">1 suite, 1 failed test</span>
    </div> <!-- top-banner-root -->
    <div class="navigator-root">
      <div class="navigator-suite-header">
        <span>All suites</span>
        <a href="#" class="collapse-all-link" title="Collapse/expand all the suites">
          <img class="collapse-all-icon" src="collapseall.gif">
          </img> <!-- collapse-all-icon -->
        </a> <!-- collapse-all-link -->
      </div> <!-- navigator-suite-header -->
      <div class="suite">
        <div class="rounded-window">
          <div class="suite-header light-rounded-window-top">
            <a href="#" class="navigator-link" panel-name="suite-runnerFiles.Login_FeatureRunner">
              <span class="suite-name border-failed">runnerFiles.Login_FeatureRunner</span>
            </a> <!-- navigator-link -->
          </div> <!-- suite-header light-rounded-window-top -->
          <div class="navigator-suite-content">
            <div class="suite-section-title">
              <span>Info</span>
            </div> <!-- suite-section-title -->
            <div class="suite-section-content">
              <ul>
                <li>
                  <a href="#" class="navigator-link " panel-name="test-xml-runnerFiles.Login_FeatureRunner">
                    <span>[unset file name]</span>
                  </a> <!-- navigator-link  -->
                </li>
                <li>
                  <a href="#" class="navigator-link " panel-name="testlist-runnerFiles.Login_FeatureRunner">
                    <span class="test-stats">1 test</span>
                  </a> <!-- navigator-link  -->
                </li>
                <li>
                  <a href="#" class="navigator-link " panel-name="group-runnerFiles.Login_FeatureRunner">
                    <span>1 group</span>
                  </a> <!-- navigator-link  -->
                </li>
                <li>
                  <a href="#" class="navigator-link " panel-name="times-runnerFiles.Login_FeatureRunner">
                    <span>Times</span>
                  </a> <!-- navigator-link  -->
                </li>
                <li>
                  <a href="#" class="navigator-link " panel-name="reporter-runnerFiles.Login_FeatureRunner">
                    <span>Reporter output</span>
                  </a> <!-- navigator-link  -->
                </li>
                <li>
                  <a href="#" class="navigator-link " panel-name="ignored-methods-runnerFiles.Login_FeatureRunner">
                    <span>Ignored methods</span>
                  </a> <!-- navigator-link  -->
                </li>
                <li>
                  <a href="#" class="navigator-link " panel-name="chronological-runnerFiles.Login_FeatureRunner">
                    <span>Chronological view</span>
                  </a> <!-- navigator-link  -->
                </li>
              </ul>
            </div> <!-- suite-section-content -->
            <div class="result-section">
              <div class="suite-section-title">
                <span>Results</span>
              </div> <!-- suite-section-title -->
              <div class="suite-section-content">
                <ul>
                  <li>
                    <span class="method-stats">2 methods, 1 failed,   1 passed</span>
                  </li>
                  <li>
                    <span class="method-list-title failed">Failed methods</span>
                    <span class="show-or-hide-methods failed">
                      <a href="#" panel-name="suite-runnerFiles.Login_FeatureRunner" class="hide-methods failed suite-runnerFiles.Login_FeatureRunner"> (hide)</a> <!-- hide-methods failed suite-runnerFiles.Login_FeatureRunner -->
                      <a href="#" panel-name="suite-runnerFiles.Login_FeatureRunner" class="show-methods failed suite-runnerFiles.Login_FeatureRunner"> (show)</a> <!-- show-methods failed suite-runnerFiles.Login_FeatureRunner -->
                    </span>
                    <div class="method-list-content failed suite-runnerFiles.Login_FeatureRunner">
                      <span>
                        <img width="3%" src="failed.png"/>
                        <a href="#" class="method navigator-link" panel-name="suite-runnerFiles.Login_FeatureRunner" title="runnerFiles.Login_FeatureRunner" hash-for-method="feature(Sing Up at GameDB2)">feature(Sing Up at GameDB2)</a> <!-- method navigator-link -->
                      </span>
                      <br/>
                    </div> <!-- method-list-content failed suite-runnerFiles.Login_FeatureRunner -->
                  </li>
                  <li>
                    <span class="method-list-title passed">Passed methods</span>
                    <span class="show-or-hide-methods passed">
                      <a href="#" panel-name="suite-runnerFiles.Login_FeatureRunner" class="hide-methods passed suite-runnerFiles.Login_FeatureRunner"> (hide)</a> <!-- hide-methods passed suite-runnerFiles.Login_FeatureRunner -->
                      <a href="#" panel-name="suite-runnerFiles.Login_FeatureRunner" class="show-methods passed suite-runnerFiles.Login_FeatureRunner"> (show)</a> <!-- show-methods passed suite-runnerFiles.Login_FeatureRunner -->
                    </span>
                    <div class="method-list-content passed suite-runnerFiles.Login_FeatureRunner">
                      <span>
                        <img width="3%" src="passed.png"/>
                        <a href="#" class="method navigator-link" panel-name="suite-runnerFiles.Login_FeatureRunner" title="runnerFiles.Login_FeatureRunner" hash-for-method="feature(Access to GameDB2)">feature(Access to GameDB2)</a> <!-- method navigator-link -->
                      </span>
                      <br/>
                    </div> <!-- method-list-content passed suite-runnerFiles.Login_FeatureRunner -->
                  </li>
                </ul>
              </div> <!-- suite-section-content -->
            </div> <!-- result-section -->
          </div> <!-- navigator-suite-content -->
        </div> <!-- rounded-window -->
      </div> <!-- suite -->
    </div> <!-- navigator-root -->
    <div class="wrapper">
      <div class="main-panel-root">
        <div panel-name="suite-runnerFiles.Login_FeatureRunner" class="panel runnerFiles.Login_FeatureRunner">
          <div class="suite-runnerFiles.Login_FeatureRunner-class-failed">
            <div class="main-panel-header rounded-window-top">
              <img src="failed.png"/>
              <span class="class-name">runnerFiles.Login_FeatureRunner</span>
            </div> <!-- main-panel-header rounded-window-top -->
            <div class="main-panel-content rounded-window-bottom">
              <div class="method">
                <div class="method-content">
                  <a name="feature(Sing Up at GameDB2)">
                  </a> <!-- feature(Sing Up at GameDB2) -->
                  <span class="method-name">feature</span>
                  <span class="parameters">(Sing Up at GameDB2)</span>
                  <div class="stack-trace"><b>"cucumber.runtime.CucumberException: java.lang.AssertionError: expected [https://gamedb2.herokuapp.com/signup] but found [https://gamedb2.herokuapp.com/]
	at cucumber.api.testng.TestNGCucumberRunner.runCucumber(TestNGCucumberRunner.java:69)
	at cucumber.api.testng.AbstractTestNGCucumberTests.feature(AbstractTestNGCucumberTests.java:21)
	at org.apache.maven.surefire.testng.TestNGExecutor.run(TestNGExecutor.java:91)
	at org.apache.maven.surefire.testng.TestNGDirectoryTestSuite.executeSingleClass(TestNGDirectoryTestSuite.java:128)
	at org.apache.maven.surefire.testng.TestNGDirectoryTestSuite.execute(TestNGDirectoryTestSuite.java:112)
	at org.apache.maven.surefire.testng.TestNGProvider.invoke(TestNGProvider.java:113)
	at org.apache.maven.surefire.booter.ForkedBooter.invokeProviderInSameClassLoader(ForkedBooter.java:200)
	at org.apache.maven.surefire.booter.ForkedBooter.runSuitesInProcess(ForkedBooter.java:153)
	at org.apache.maven.surefire.booter.ForkedBooter.main(ForkedBooter.java:103)
Caused by: java.lang.AssertionError: expected [https://gamedb2.herokuapp.com/signup] but found [https://gamedb2.herokuapp.com/]
	at stepDefs.SingUpSteps.validamos_que_ingresamos_a_pagina_con_mensaje_condicion_y_name(SingUpSteps.java:77)
	at ?.Then Validamos que ingresamos a pagina con mensaje &quot;&quot;condicion &quot;successfull singUp&quot; y name &quot;Oscar&quot;(SingUp.feature:8)
... Removed 26 stack frames<br/> cucumber.runtime.CucumberException: java.lang.AssertionError: expected [https://gamedb2.herokuapp.com/signup] but found [https://gamedb2.herokuapp.com/]
	at cucumber.api.testng.TestNGCucumberRunner.runCucumber(TestNGCucumberRunner.java:69)
	at cucumber.api.testng.AbstractTestNGCucumberTests.feature(AbstractTestNGCucumberTests.java:21)
	at sun.reflect.NativeMethodAccessorImpl.invoke0(Native Method)
	at sun.reflect.NativeMethodAccessorImpl.invoke(NativeMethodAccessorImpl.java:62)
	at sun.reflect.DelegatingMethodAccessorImpl.invoke(DelegatingMethodAccessorImpl.java:43)
	at java.lang.reflect.Method.invoke(Method.java:498)
	at org.testng.internal.MethodInvocationHelper.invokeMethod(MethodInvocationHelper.java:80)
	at org.testng.internal.Invoker.invokeMethod(Invoker.java:714)
	at org.testng.internal.Invoker.invokeTestMethod(Invoker.java:901)
	at org.testng.internal.Invoker.invokeTestMethods(Invoker.java:1231)
	at org.testng.internal.TestMethodWorker.invokeTestMethods(TestMethodWorker.java:127)
	at org.testng.internal.TestMethodWorker.run(TestMethodWorker.java:111)
	at org.testng.TestRunner.privateRun(TestRunner.java:767)
	at org.testng.TestRunner.run(TestRunner.java:617)
	at org.testng.SuiteRunner.runTest(SuiteRunner.java:334)
	at org.testng.SuiteRunner.runSequentially(SuiteRunner.java:329)
	at org.testng.SuiteRunner.privateRun(SuiteRunner.java:291)
	at org.testng.SuiteRunner.run(SuiteRunner.java:240)
	at org.testng.SuiteRunnerWorker.runSuite(SuiteRunnerWorker.java:52)
	at org.testng.SuiteRunnerWorker.run(SuiteRunnerWorker.java:86)
	at org.testng.TestNG.runSuitesSequentially(TestNG.java:1198)
	at org.testng.TestNG.runSuitesLocally(TestNG.java:1123)
	at org.testng.TestNG.run(TestNG.java:1031)
	at org.apache.maven.surefire.testng.TestNGExecutor.run(TestNGExecutor.java:91)
	at org.apache.maven.surefire.testng.TestNGDirectoryTestSuite.executeSingleClass(TestNGDirectoryTestSuite.java:128)
	at org.apache.maven.surefire.testng.TestNGDirectoryTestSuite.execute(TestNGDirectoryTestSuite.java:112)
	at org.apache.maven.surefire.testng.TestNGProvider.invoke(TestNGProvider.java:113)
	at org.apache.maven.surefire.booter.ForkedBooter.invokeProviderInSameClassLoader(ForkedBooter.java:200)
	at org.apache.maven.surefire.booter.ForkedBooter.runSuitesInProcess(ForkedBooter.java:153)
	at org.apache.maven.surefire.booter.ForkedBooter.main(ForkedBooter.java:103)
Caused by: java.lang.AssertionError: expected [https://gamedb2.herokuapp.com/signup] but found [https://gamedb2.herokuapp.com/]
	at org.testng.Assert.fail(Assert.java:94)
	at org.testng.Assert.failNotEquals(Assert.java:494)
	at org.testng.Assert.assertEquals(Assert.java:123)
	at org.testng.Assert.assertEquals(Assert.java:176)
	at org.testng.Assert.assertEquals(Assert.java:186)
	at stepDefs.SingUpSteps.validamos_que_ingresamos_a_pagina_con_mensaje_condicion_y_name(SingUpSteps.java:77)
	at ?.Then Validamos que ingresamos a pagina con mensaje &quot;&quot;condicion &quot;successfull singUp&quot; y name &quot;Oscar&quot;(SingUp.feature:8)
"</b><br>cucumber.api.testng.TestNGCucumberRunner.runCucumber(TestNGCucumberRunner.java:69)<br>cucumber.api.testng.AbstractTestNGCucumberTests.feature(AbstractTestNGCucumberTests.java:21)<br>sun.reflect.NativeMethodAccessorImpl.invoke0(Native Method)<br>sun.reflect.NativeMethodAccessorImpl.invoke(NativeMethodAccessorImpl.java:62)<br>sun.reflect.DelegatingMethodAccessorImpl.invoke(DelegatingMethodAccessorImpl.java:43)<br>java.lang.reflect.Method.invoke(Method.java:498)<br>org.testng.internal.MethodInvocationHelper.invokeMethod(MethodInvocationHelper.java:80)<br>org.testng.internal.Invoker.invokeMethod(Invoker.java:714)<br>org.testng.internal.Invoker.invokeTestMethod(Invoker.java:901)<br>org.testng.internal.Invoker.invokeTestMethods(Invoker.java:1231)<br>org.testng.internal.TestMethodWorker.invokeTestMethods(TestMethodWorker.java:127)<br>org.testng.internal.TestMethodWorker.run(TestMethodWorker.java:111)<br>org.testng.TestRunner.privateRun(TestRunner.java:767)<br>org.testng.TestRunner.run(TestRunner.java:617)<br>org.testng.SuiteRunner.runTest(SuiteRunner.java:334)<br>org.testng.SuiteRunner.runSequentially(SuiteRunner.java:329)<br>org.testng.SuiteRunner.privateRun(SuiteRunner.java:291)<br>org.testng.SuiteRunner.run(SuiteRunner.java:240)<br>org.testng.SuiteRunnerWorker.runSuite(SuiteRunnerWorker.java:52)<br>org.testng.SuiteRunnerWorker.run(SuiteRunnerWorker.java:86)<br>org.testng.TestNG.runSuitesSequentially(TestNG.java:1198)<br>org.testng.TestNG.runSuitesLocally(TestNG.java:1123)<br>org.testng.TestNG.run(TestNG.java:1031)<br>org.apache.maven.surefire.testng.TestNGExecutor.run(TestNGExecutor.java:91)<br>org.apache.maven.surefire.testng.TestNGDirectoryTestSuite.executeSingleClass(TestNGDirectoryTestSuite.java:128)<br>org.apache.maven.surefire.testng.TestNGDirectoryTestSuite.execute(TestNGDirectoryTestSuite.java:112)<br>org.apache.maven.surefire.testng.TestNGProvider.invoke(TestNGProvider.java:113)<br>org.apache.maven.surefire.booter.ForkedBooter.invokeProviderInSameClassLoader(ForkedBooter.java:200)<br>org.apache.maven.surefire.booter.ForkedBooter.runSuitesInProcess(ForkedBooter.java:153)<br>org.apache.maven.surefire.booter.ForkedBooter.main(ForkedBooter.java:103)<br>
</div> <!-- stack-trace -->
                  <em>
(Runs Cucumber Feature)                  </em>
                </div> <!-- method-content -->
              </div> <!-- method -->
            </div> <!-- main-panel-content rounded-window-bottom -->
          </div> <!-- suite-runnerFiles.Login_FeatureRunner-class-failed -->
          <div class="suite-runnerFiles.Login_FeatureRunner-class-passed">
            <div class="main-panel-header rounded-window-top">
              <img src="passed.png"/>
              <span class="class-name">runnerFiles.Login_FeatureRunner</span>
            </div> <!-- main-panel-header rounded-window-top -->
            <div class="main-panel-content rounded-window-bottom">
              <div class="method">
                <div class="method-content">
                  <a name="feature(Access to GameDB2)">
                  </a> <!-- feature(Access to GameDB2) -->
                  <span class="method-name">feature</span>
                  <span class="parameters">(Access to GameDB2)</span>
                  <em>
(Runs Cucumber Feature)                  </em>
                </div> <!-- method-content -->
              </div> <!-- method -->
            </div> <!-- main-panel-content rounded-window-bottom -->
          </div> <!-- suite-runnerFiles.Login_FeatureRunner-class-passed -->
        </div> <!-- panel runnerFiles.Login_FeatureRunner -->
        <div panel-name="test-xml-runnerFiles.Login_FeatureRunner" class="panel">
          <div class="main-panel-header rounded-window-top">
          </div> <!-- main-panel-header rounded-window-top -->
          <div class="main-panel-content rounded-window-bottom">
            <pre>
&lt;?xml version=&quot;1.0&quot; encoding=&quot;UTF-8&quot;?&gt;
&lt;!DOCTYPE suite SYSTEM &quot;http://testng.org/testng-1.0.dtd&quot;&gt;
&lt;suite thread-count=&quot;1&quot; verbose=&quot;0&quot; name=&quot;runnerFiles.Login_FeatureRunner&quot;&gt;
  &lt;test name=&quot;Command line test 672d2a13-1ad4-4116-b2a6-2ea2164c7f3d&quot;&gt;
    &lt;classes&gt;
      &lt;class name=&quot;runnerFiles.Login_FeatureRunner&quot;/&gt;
    &lt;/classes&gt;
  &lt;/test&gt; &lt;!-- Command line test 672d2a13-1ad4-4116-b2a6-2ea2164c7f3d --&gt;
&lt;/suite&gt; &lt;!-- runnerFiles.Login_FeatureRunner --&gt;
            </pre>
          </div> <!-- main-panel-content rounded-window-bottom -->
        </div> <!-- panel -->
        <div panel-name="testlist-runnerFiles.Login_FeatureRunner" class="panel">
          <div class="main-panel-header rounded-window-top">
            <span class="header-content">Tests for runnerFiles.Login_FeatureRunner</span>
          </div> <!-- main-panel-header rounded-window-top -->
          <div class="main-panel-content rounded-window-bottom">
            <ul>
              <li>
                <span class="test-name">Command line test 672d2a13-1ad4-4116-b2a6-2ea2164c7f3d (1 class)</span>
              </li>
            </ul>
          </div> <!-- main-panel-content rounded-window-bottom -->
        </div> <!-- panel -->
        <div panel-name="group-runnerFiles.Login_FeatureRunner" class="panel">
          <div class="main-panel-header rounded-window-top">
            <span class="header-content">Groups for runnerFiles.Login_FeatureRunner</span>
          </div> <!-- main-panel-header rounded-window-top -->
          <div class="main-panel-content rounded-window-bottom">
            <div class="test-group">
              <span class="test-group-name">cucumber</span>
              <br/>
              <div class="method-in-group">
                <span class="method-in-group-name">feature</span>
                <br/>
              </div> <!-- method-in-group -->
            </div> <!-- test-group -->
          </div> <!-- main-panel-content rounded-window-bottom -->
        </div> <!-- panel -->
        <div panel-name="times-runnerFiles.Login_FeatureRunner" class="panel">
          <div class="main-panel-header rounded-window-top">
            <span class="header-content">Times for runnerFiles.Login_FeatureRunner</span>
          </div> <!-- main-panel-header rounded-window-top -->
          <div class="main-panel-content rounded-window-bottom">
            <div class="times-div">
              <script type="text/javascript">
suiteTableInitFunctions.push('tableData_runnerFiles.Login_FeatureRunner');
function tableData_runnerFiles.Login_FeatureRunner() {
var data = new google.visualization.DataTable();
data.addColumn('number', 'Number');
data.addColumn('string', 'Method');
data.addColumn('string', 'Class');
data.addColumn('number', 'Time (ms)');
data.addRows(2);
data.setCell(0, 0, 0)
data.setCell(0, 1, 'feature')
data.setCell(0, 2, 'runnerFiles.Login_FeatureRunner')
data.setCell(0, 3, 204462);
data.setCell(1, 0, 1)
data.setCell(1, 1, 'feature')
data.setCell(1, 2, 'runnerFiles.Login_FeatureRunner')
data.setCell(1, 3, 31);
window.suiteTableData['runnerFiles.Login_FeatureRunner']= { tableData: data, tableDiv: 'times-div-runnerFiles.Login_FeatureRunner'}
return data;
}
              </script>
              <span class="suite-total-time">Total running time: 3 minutes</span>
              <div id="times-div-runnerFiles.Login_FeatureRunner">
              </div> <!-- times-div-runnerFiles.Login_FeatureRunner -->
            </div> <!-- times-div -->
          </div> <!-- main-panel-content rounded-window-bottom -->
        </div> <!-- panel -->
        <div panel-name="reporter-runnerFiles.Login_FeatureRunner" class="panel">
          <div class="main-panel-header rounded-window-top">
            <span class="header-content">Reporter output for runnerFiles.Login_FeatureRunner</span>
          </div> <!-- main-panel-header rounded-window-top -->
          <div class="main-panel-content rounded-window-bottom">
            <div class="reporter-method-div">
              <span class="reporter-method-name">feature(Sing Up at GameDB2)</span>
              <div class="reporter-method-output-div">
                <span class="reporter-method-output">$$$$$$$$$$$$$$$$$$$$$ Start of execution of scenario with name: Sing Up con errores o sin errores    $$$$$$$$$$$$$$$$$$$$$$$</span>
                <span class="reporter-method-output">operating system: Windows 8.1</span>
                <span class="reporter-method-output">operating system: Windows 8.1</span>
                <span class="reporter-method-output">operating system: Windows 8.1</span>
                <span class="reporter-method-output">operating system: Windows 8.1</span>
                <span class="reporter-method-output">operating system: Windows 8.1</span>
                <span class="reporter-method-output">operating system: Windows 8.1</span>
                <span class="reporter-method-output">operating system: Windows 8.1</span>
                <span class="reporter-method-output">operating system: Windows 8.1</span>
                <span class="reporter-method-output">operating system: Windows 8.1</span>
                <span class="reporter-method-output">operating system: Windows 8.1</span>
                <span class="reporter-method-output">--------------------------- Launching Chrome Browser on Local machine -----------------------</span>
                <span class="reporter-method-output">$$$$$$$$$$$$$$$$$$$$$ Completion of execution of scenario with name: Sing Up con errores o sin errores    $$$$$$$$$$$$$$$$$$$$$$$</span>
                <span class="reporter-method-output">$$$$$$$$$$$$$$$$$$$$$ Start of execution of scenario with name: Sing Up con errores o sin errores    $$$$$$$$$$$$$$$$$$$$$$$</span>
                <span class="reporter-method-output">--------------------------- Launching Chrome Browser on Local machine -----------------------</span>
                <span class="reporter-method-output">$$$$$$$$$$$$$$$$$$$$$ Completion of execution of scenario with name: Sing Up con errores o sin errores    $$$$$$$$$$$$$$$$$$$$$$$</span>
                <span class="reporter-method-output">$$$$$$$$$$$$$$$$$$$$$ Start of execution of scenario with name: Sing Up con errores o sin errores    $$$$$$$$$$$$$$$$$$$$$$$</span>
                <span class="reporter-method-output">--------------------------- Launching Chrome Browser on Local machine -----------------------</span>
                <span class="reporter-method-output">$$$$$$$$$$$$$$$$$$$$$ Completion of execution of scenario with name: Sing Up con errores o sin errores    $$$$$$$$$$$$$$$$$$$$$$$</span>
                <span class="reporter-method-output">$$$$$$$$$$$$$$$$$$$$$ Start of execution of scenario with name: Sing Up con errores o sin errores    $$$$$$$$$$$$$$$$$$$$$$$</span>
                <span class="reporter-method-output">--------------------------- Launching Chrome Browser on Local machine -----------------------</span>
                <span class="reporter-method-output">$$$$$$$$$$$$$$$$$$$$$ Completion of execution of scenario with name: Sing Up con errores o sin errores    $$$$$$$$$$$$$$$$$$$$$$$</span>
                <span class="reporter-method-output">$$$$$$$$$$$$$$$$$$$$$ Start of execution of scenario with name: Sing Up con errores o sin errores    $$$$$$$$$$$$$$$$$$$$$$$</span>
                <span class="reporter-method-output">--------------------------- Launching Chrome Browser on Local machine -----------------------</span>
                <span class="reporter-method-output">$$$$$$$$$$$$$$$$$$$$$ Completion of execution of scenario with name: Sing Up con errores o sin errores    $$$$$$$$$$$$$$$$$$$$$$$</span>
                <span class="reporter-method-output">$$$$$$$$$$$$$$$$$$$$$ Start of execution of scenario with name: Sing Up con errores o sin errores    $$$$$$$$$$$$$$$$$$$$$$$</span>
                <span class="reporter-method-output">--------------------------- Launching Chrome Browser on Local machine -----------------------</span>
                <span class="reporter-method-output">$$$$$$$$$$$$$$$$$$$$$ Completion of execution of scenario with name: Sing Up con errores o sin errores    $$$$$$$$$$$$$$$$$$$$$$$</span>
              </div> <!-- reporter-method-output-div -->
            </div> <!-- reporter-method-div -->
          </div> <!-- main-panel-content rounded-window-bottom -->
        </div> <!-- panel -->
        <div panel-name="ignored-methods-runnerFiles.Login_FeatureRunner" class="panel">
          <div class="main-panel-header rounded-window-top">
            <span class="header-content">0 ignored methods</span>
          </div> <!-- main-panel-header rounded-window-top -->
          <div class="main-panel-content rounded-window-bottom">
          </div> <!-- main-panel-content rounded-window-bottom -->
        </div> <!-- panel -->
        <div panel-name="chronological-runnerFiles.Login_FeatureRunner" class="panel">
          <div class="main-panel-header rounded-window-top">
            <span class="header-content">Methods in chronological order</span>
          </div> <!-- main-panel-header rounded-window-top -->
          <div class="main-panel-content rounded-window-bottom">
            <div class="chronological-class">
              <div class="chronological-class-name">runnerFiles.Login_FeatureRunner</div> <!-- chronological-class-name -->
              <div class="configuration-class before">
                <span class="method-name">setUpClass</span>
                <span class="method-start">0 ms</span>
              </div> <!-- configuration-class before -->
              <div class="test-method">
                <span class="method-name">feature(Access to GameDB2)</span>
                <span class="method-start">320 ms</span>
              </div> <!-- test-method -->
              <div class="test-method">
                <img src="failed.png">
                </img>
                <span class="method-name">feature(Sing Up at GameDB2)</span>
                <span class="method-start">351 ms</span>
              </div> <!-- test-method -->
              <div class="configuration-class after">
                <span class="method-name">tearDownClass</span>
                <span class="method-start">204830 ms</span>
              </div> <!-- configuration-class after -->
          </div> <!-- main-panel-content rounded-window-bottom -->
        </div> <!-- panel -->
      </div> <!-- main-panel-root -->
    </div> <!-- wrapper -->
  </body>
</html>
