<?xml version="1.0" encoding="UTF-8"?>
<testng-results skipped="0" failed="1" total="2" passed="1">
  <reporter-output>
    <line>
      <![CDATA[$$$$$$$$$$$$$$$$$$$$$ Start of execution of scenario with name: Sing Up con errores o sin errores    $$$$$$$$$$$$$$$$$$$$$$$]]>
    </line>
    <line>
      <![CDATA[operating system: Windows 8.1]]>
    </line>
    <line>
      <![CDATA[operating system: Windows 8.1]]>
    </line>
    <line>
      <![CDATA[operating system: Windows 8.1]]>
    </line>
    <line>
      <![CDATA[operating system: Windows 8.1]]>
    </line>
    <line>
      <![CDATA[operating system: Windows 8.1]]>
    </line>
    <line>
      <![CDATA[operating system: Windows 8.1]]>
    </line>
    <line>
      <![CDATA[operating system: Windows 8.1]]>
    </line>
    <line>
      <![CDATA[operating system: Windows 8.1]]>
    </line>
    <line>
      <![CDATA[operating system: Windows 8.1]]>
    </line>
    <line>
      <![CDATA[operating system: Windows 8.1]]>
    </line>
    <line>
      <![CDATA[--------------------------- Launching Chrome Browser on Local machine -----------------------]]>
    </line>
    <line>
      <![CDATA[$$$$$$$$$$$$$$$$$$$$$ Completion of execution of scenario with name: Sing Up con errores o sin errores    $$$$$$$$$$$$$$$$$$$$$$$]]>
    </line>
    <line>
      <![CDATA[$$$$$$$$$$$$$$$$$$$$$ Start of execution of scenario with name: Sing Up con errores o sin errores    $$$$$$$$$$$$$$$$$$$$$$$]]>
    </line>
    <line>
      <![CDATA[--------------------------- Launching Chrome Browser on Local machine -----------------------]]>
    </line>
    <line>
      <![CDATA[$$$$$$$$$$$$$$$$$$$$$ Completion of execution of scenario with name: Sing Up con errores o sin errores    $$$$$$$$$$$$$$$$$$$$$$$]]>
    </line>
    <line>
      <![CDATA[$$$$$$$$$$$$$$$$$$$$$ Start of execution of scenario with name: Sing Up con errores o sin errores    $$$$$$$$$$$$$$$$$$$$$$$]]>
    </line>
    <line>
      <![CDATA[--------------------------- Launching Chrome Browser on Local machine -----------------------]]>
    </line>
    <line>
      <![CDATA[$$$$$$$$$$$$$$$$$$$$$ Completion of execution of scenario with name: Sing Up con errores o sin errores    $$$$$$$$$$$$$$$$$$$$$$$]]>
    </line>
    <line>
      <![CDATA[$$$$$$$$$$$$$$$$$$$$$ Start of execution of scenario with name: Sing Up con errores o sin errores    $$$$$$$$$$$$$$$$$$$$$$$]]>
    </line>
    <line>
      <![CDATA[--------------------------- Launching Chrome Browser on Local machine -----------------------]]>
    </line>
    <line>
      <![CDATA[$$$$$$$$$$$$$$$$$$$$$ Completion of execution of scenario with name: Sing Up con errores o sin errores    $$$$$$$$$$$$$$$$$$$$$$$]]>
    </line>
    <line>
      <![CDATA[$$$$$$$$$$$$$$$$$$$$$ Start of execution of scenario with name: Sing Up con errores o sin errores    $$$$$$$$$$$$$$$$$$$$$$$]]>
    </line>
    <line>
      <![CDATA[--------------------------- Launching Chrome Browser on Local machine -----------------------]]>
    </line>
    <line>
      <![CDATA[$$$$$$$$$$$$$$$$$$$$$ Completion of execution of scenario with name: Sing Up con errores o sin errores    $$$$$$$$$$$$$$$$$$$$$$$]]>
    </line>
    <line>
      <![CDATA[$$$$$$$$$$$$$$$$$$$$$ Start of execution of scenario with name: Sing Up con errores o sin errores    $$$$$$$$$$$$$$$$$$$$$$$]]>
    </line>
    <line>
      <![CDATA[--------------------------- Launching Chrome Browser on Local machine -----------------------]]>
    </line>
    <line>
      <![CDATA[$$$$$$$$$$$$$$$$$$$$$ Completion of execution of scenario with name: Sing Up con errores o sin errores    $$$$$$$$$$$$$$$$$$$$$$$]]>
    </line>
  </reporter-output>
  <suite name="runnerFiles.Login_FeatureRunner" duration-ms="204903" started-at="2017-03-24T02:34:59Z" finished-at="2017-03-24T02:38:24Z">
    <groups>
      <group name="cucumber">
        <method signature="AbstractTestNGCucumberTests.feature(cucumber.api.testng.CucumberFeatureWrapper)[pri:0, instance:runnerFiles.Login_FeatureRunner@531be3c5]" name="feature" class="cucumber.api.testng.AbstractTestNGCucumberTests"/>
      </group> <!-- cucumber -->
    </groups>
    <test name="Command line test 672d2a13-1ad4-4116-b2a6-2ea2164c7f3d" duration-ms="204903" started-at="2017-03-24T02:34:59Z" finished-at="2017-03-24T02:38:24Z">
      <class name="runnerFiles.Login_FeatureRunner">
        <test-method status="PASS" signature="setUpClass()[pri:0, instance:runnerFiles.Login_FeatureRunner@531be3c5]" name="setUpClass" is-config="true" duration-ms="257" started-at="2017-03-23T22:34:59Z" finished-at="2017-03-23T22:34:59Z">
          <reporter-output>
          </reporter-output>
        </test-method> <!-- setUpClass -->
        <test-method status="PASS" signature="feature(cucumber.api.testng.CucumberFeatureWrapper)[pri:0, instance:runnerFiles.Login_FeatureRunner@531be3c5]" name="feature" duration-ms="31" started-at="2017-03-23T22:34:59Z" description="Runs Cucumber Feature" data-provider="features" finished-at="2017-03-23T22:34:59Z">
          <params>
            <param index="0">
              <value>
                <![CDATA[Access to GameDB2]]>
              </value>
            </param>
          </params>
          <reporter-output>
          </reporter-output>
        </test-method> <!-- feature -->
        <test-method status="FAIL" signature="feature(cucumber.api.testng.CucumberFeatureWrapper)[pri:0, instance:runnerFiles.Login_FeatureRunner@531be3c5]" name="feature" duration-ms="204462" started-at="2017-03-23T22:34:59Z" description="Runs Cucumber Feature" data-provider="features" finished-at="2017-03-23T22:38:24Z">
          <params>
            <param index="0">
              <value>
                <![CDATA[Sing Up at GameDB2]]>
              </value>
            </param>
          </params>
          <exception class="cucumber.runtime.CucumberException">
            <message>
              <![CDATA[java.lang.AssertionError: expected [https://gamedb2.herokuapp.com/signup] but found [https://gamedb2.herokuapp.com/]]]>
            </message>
            <full-stacktrace>
              <![CDATA[cucumber.runtime.CucumberException: java.lang.AssertionError: expected [https://gamedb2.herokuapp.com/signup] but found [https://gamedb2.herokuapp.com/]
	at cucumber.api.testng.TestNGCucumberRunner.runCucumber(TestNGCucumberRunner.java:69)
	at cucumber.api.testng.AbstractTestNGCucumberTests.feature(AbstractTestNGCucumberTests.java:21)
	at sun.reflect.NativeMethodAccessorImpl.invoke0(Native Method)
	at sun.reflect.NativeMethodAccessorImpl.invoke(NativeMethodAccessorImpl.java:62)
	at sun.reflect.DelegatingMethodAccessorImpl.invoke(DelegatingMethodAccessorImpl.java:43)
	at java.lang.reflect.Method.invoke(Method.java:498)
	at org.testng.internal.MethodInvocationHelper.invokeMethod(MethodInvocationHelper.java:80)
	at org.testng.internal.Invoker.invokeMethod(Invoker.java:714)
	at org.testng.internal.Invoker.invokeTestMethod(Invoker.java:901)
	at org.testng.internal.Invoker.invokeTestMethods(Invoker.java:1231)
	at org.testng.internal.TestMethodWorker.invokeTestMethods(TestMethodWorker.java:127)
	at org.testng.internal.TestMethodWorker.run(TestMethodWorker.java:111)
	at org.testng.TestRunner.privateRun(TestRunner.java:767)
	at org.testng.TestRunner.run(TestRunner.java:617)
	at org.testng.SuiteRunner.runTest(SuiteRunner.java:334)
	at org.testng.SuiteRunner.runSequentially(SuiteRunner.java:329)
	at org.testng.SuiteRunner.privateRun(SuiteRunner.java:291)
	at org.testng.SuiteRunner.run(SuiteRunner.java:240)
	at org.testng.SuiteRunnerWorker.runSuite(SuiteRunnerWorker.java:52)
	at org.testng.SuiteRunnerWorker.run(SuiteRunnerWorker.java:86)
	at org.testng.TestNG.runSuitesSequentially(TestNG.java:1198)
	at org.testng.TestNG.runSuitesLocally(TestNG.java:1123)
	at org.testng.TestNG.run(TestNG.java:1031)
	at org.apache.maven.surefire.testng.TestNGExecutor.run(TestNGExecutor.java:91)
	at org.apache.maven.surefire.testng.TestNGDirectoryTestSuite.executeSingleClass(TestNGDirectoryTestSuite.java:128)
	at org.apache.maven.surefire.testng.TestNGDirectoryTestSuite.execute(TestNGDirectoryTestSuite.java:112)
	at org.apache.maven.surefire.testng.TestNGProvider.invoke(TestNGProvider.java:113)
	at org.apache.maven.surefire.booter.ForkedBooter.invokeProviderInSameClassLoader(ForkedBooter.java:200)
	at org.apache.maven.surefire.booter.ForkedBooter.runSuitesInProcess(ForkedBooter.java:153)
	at org.apache.maven.surefire.booter.ForkedBooter.main(ForkedBooter.java:103)
Caused by: java.lang.AssertionError: expected [https://gamedb2.herokuapp.com/signup] but found [https://gamedb2.herokuapp.com/]
	at org.testng.Assert.fail(Assert.java:94)
	at org.testng.Assert.failNotEquals(Assert.java:494)
	at org.testng.Assert.assertEquals(Assert.java:123)
	at org.testng.Assert.assertEquals(Assert.java:176)
	at org.testng.Assert.assertEquals(Assert.java:186)
	at stepDefs.SingUpSteps.validamos_que_ingresamos_a_pagina_con_mensaje_condicion_y_name(SingUpSteps.java:77)
	at âœ½.Then Validamos que ingresamos a pagina con mensaje ""condicion "successfull singUp" y name "Oscar"(SingUp.feature:8)
]]>
            </full-stacktrace>
          </exception> <!-- cucumber.runtime.CucumberException -->
          <reporter-output>
            <line>
              <![CDATA[$$$$$$$$$$$$$$$$$$$$$ Start of execution of scenario with name: Sing Up con errores o sin errores    $$$$$$$$$$$$$$$$$$$$$$$]]>
            </line>
            <line>
              <![CDATA[operating system: Windows 8.1]]>
            </line>
            <line>
              <![CDATA[operating system: Windows 8.1]]>
            </line>
            <line>
              <![CDATA[operating system: Windows 8.1]]>
            </line>
            <line>
              <![CDATA[operating system: Windows 8.1]]>
            </line>
            <line>
              <![CDATA[operating system: Windows 8.1]]>
            </line>
            <line>
              <![CDATA[operating system: Windows 8.1]]>
            </line>
            <line>
              <![CDATA[operating system: Windows 8.1]]>
            </line>
            <line>
              <![CDATA[operating system: Windows 8.1]]>
            </line>
            <line>
              <![CDATA[operating system: Windows 8.1]]>
            </line>
            <line>
              <![CDATA[operating system: Windows 8.1]]>
            </line>
            <line>
              <![CDATA[--------------------------- Launching Chrome Browser on Local machine -----------------------]]>
            </line>
            <line>
              <![CDATA[$$$$$$$$$$$$$$$$$$$$$ Completion of execution of scenario with name: Sing Up con errores o sin errores    $$$$$$$$$$$$$$$$$$$$$$$]]>
            </line>
            <line>
              <![CDATA[$$$$$$$$$$$$$$$$$$$$$ Start of execution of scenario with name: Sing Up con errores o sin errores    $$$$$$$$$$$$$$$$$$$$$$$]]>
            </line>
            <line>
              <![CDATA[--------------------------- Launching Chrome Browser on Local machine -----------------------]]>
            </line>
            <line>
              <![CDATA[$$$$$$$$$$$$$$$$$$$$$ Completion of execution of scenario with name: Sing Up con errores o sin errores    $$$$$$$$$$$$$$$$$$$$$$$]]>
            </line>
            <line>
              <![CDATA[$$$$$$$$$$$$$$$$$$$$$ Start of execution of scenario with name: Sing Up con errores o sin errores    $$$$$$$$$$$$$$$$$$$$$$$]]>
            </line>
            <line>
              <![CDATA[--------------------------- Launching Chrome Browser on Local machine -----------------------]]>
            </line>
            <line>
              <![CDATA[$$$$$$$$$$$$$$$$$$$$$ Completion of execution of scenario with name: Sing Up con errores o sin errores    $$$$$$$$$$$$$$$$$$$$$$$]]>
            </line>
            <line>
              <![CDATA[$$$$$$$$$$$$$$$$$$$$$ Start of execution of scenario with name: Sing Up con errores o sin errores    $$$$$$$$$$$$$$$$$$$$$$$]]>
            </line>
            <line>
              <![CDATA[--------------------------- Launching Chrome Browser on Local machine -----------------------]]>
            </line>
            <line>
              <![CDATA[$$$$$$$$$$$$$$$$$$$$$ Completion of execution of scenario with name: Sing Up con errores o sin errores    $$$$$$$$$$$$$$$$$$$$$$$]]>
            </line>
            <line>
              <![CDATA[$$$$$$$$$$$$$$$$$$$$$ Start of execution of scenario with name: Sing Up con errores o sin errores    $$$$$$$$$$$$$$$$$$$$$$$]]>
            </line>
            <line>
              <![CDATA[--------------------------- Launching Chrome Browser on Local machine -----------------------]]>
            </line>
            <line>
              <![CDATA[$$$$$$$$$$$$$$$$$$$$$ Completion of execution of scenario with name: Sing Up con errores o sin errores    $$$$$$$$$$$$$$$$$$$$$$$]]>
            </line>
            <line>
              <![CDATA[$$$$$$$$$$$$$$$$$$$$$ Start of execution of scenario with name: Sing Up con errores o sin errores    $$$$$$$$$$$$$$$$$$$$$$$]]>
            </line>
            <line>
              <![CDATA[--------------------------- Launching Chrome Browser on Local machine -----------------------]]>
            </line>
            <line>
              <![CDATA[$$$$$$$$$$$$$$$$$$$$$ Completion of execution of scenario with name: Sing Up con errores o sin errores    $$$$$$$$$$$$$$$$$$$$$$$]]>
            </line>
          </reporter-output>
        </test-method> <!-- feature -->
        <test-method status="PASS" signature="tearDownClass()[pri:0, instance:runnerFiles.Login_FeatureRunner@531be3c5]" name="tearDownClass" is-config="true" duration-ms="63" started-at="2017-03-23T22:38:24Z" finished-at="2017-03-23T22:38:24Z">
          <reporter-output>
          </reporter-output>
        </test-method> <!-- tearDownClass -->
      </class> <!-- runnerFiles.Login_FeatureRunner -->
    </test> <!-- Command line test 672d2a13-1ad4-4116-b2a6-2ea2164c7f3d -->
  </suite> <!-- runnerFiles.Login_FeatureRunner -->
</testng-results>
