<?xml version="1.0" encoding="UTF-8"?>
<!-- Generated by org.testng.reporters.JUnitXMLReporter -->
<testsuite hostname="SUPERFAST" name="Command line test f4eb992b-9e2f-4791-83ea-406dc0781b54" tests="3" failures="1" timestamp="22 Mar 2017 17:23:58 GMT" time="47.574" errors="0">
  <testcase name="feature" time="45.968" classname="runnerFiles.Games_FeatureRunner">
    <failure type="cucumber.runtime.CucumberException" message="java.lang.AssertionError: Game Plataform is not has been added expected [true] but found [false]">
      <![CDATA[cucumber.runtime.CucumberException: java.lang.AssertionError: Game Plataform is not has been added expected [true] but found [false]
	at cucumber.api.testng.TestNGCucumberRunner.runCucumber(TestNGCucumberRunner.java:69)
	at cucumber.api.testng.AbstractTestNGCucumberTests.feature(AbstractTestNGCucumberTests.java:21)
	at org.apache.maven.surefire.testng.TestNGExecutor.run(TestNGExecutor.java:91)
	at org.apache.maven.surefire.testng.TestNGDirectoryTestSuite.executeSingleClass(TestNGDirectoryTestSuite.java:128)
	at org.apache.maven.surefire.testng.TestNGDirectoryTestSuite.execute(TestNGDirectoryTestSuite.java:112)
	at org.apache.maven.surefire.testng.TestNGProvider.invoke(TestNGProvider.java:113)
	at org.apache.maven.surefire.booter.ForkedBooter.invokeProviderInSameClassLoader(ForkedBooter.java:200)
	at org.apache.maven.surefire.booter.ForkedBooter.runSuitesInProcess(ForkedBooter.java:153)
	at org.apache.maven.surefire.booter.ForkedBooter.main(ForkedBooter.java:103)
Caused by: java.lang.AssertionError: Game Plataform is not has been added expected [true] but found [false]
	at stepDefs.AddGames.ingresamos_Name_Platform_y_Genre(AddGames.java:54)
	at âœ½.And Ingresamos Name "Killer Instint" Platform "Nintendo64" y Genre "Pelea"(AddGames.feature:10)
... Removed 24 stack frames]]>
    </failure>
  </testcase> <!-- feature -->
  <testcase name="feature" time="0.003" classname="runnerFiles.Games_FeatureRunner"/>
  <testcase name="feature" time="0.002" classname="runnerFiles.Games_FeatureRunner"/>
</testsuite> <!-- Command line test f4eb992b-9e2f-4791-83ea-406dc0781b54 -->
