<?xml version="1.0" encoding="UTF-8"?>
<!-- Generated by org.testng.reporters.JUnitXMLReporter -->
<testsuite hostname="SUPERFAST" name="Command line test 6449bd52-6c7d-4d30-bb79-f7374648d2a9" tests="3" failures="1" timestamp="23 Mar 2017 23:18:00 GMT" time="42.174" errors="0">
  <testcase name="feature" time="0.058" classname="runnerFiles.Games_FeatureRunner"/>
  <testcase name="feature" time="41.095" classname="runnerFiles.Games_FeatureRunner">
    <failure type="cucumber.runtime.CucumberException" message="java.lang.AssertionError: Game cannot be deleted because it was not found... expected [true] but found [false]">
      <![CDATA[cucumber.runtime.CucumberException: java.lang.AssertionError: Game cannot be deleted because it was not found... expected [true] but found [false]
	at cucumber.api.testng.TestNGCucumberRunner.runCucumber(TestNGCucumberRunner.java:69)
	at cucumber.api.testng.AbstractTestNGCucumberTests.feature(AbstractTestNGCucumberTests.java:21)
	at org.apache.maven.surefire.testng.TestNGExecutor.run(TestNGExecutor.java:91)
	at org.apache.maven.surefire.testng.TestNGDirectoryTestSuite.executeSingleClass(TestNGDirectoryTestSuite.java:128)
	at org.apache.maven.surefire.testng.TestNGDirectoryTestSuite.execute(TestNGDirectoryTestSuite.java:112)
	at org.apache.maven.surefire.testng.TestNGProvider.invoke(TestNGProvider.java:113)
	at org.apache.maven.surefire.booter.ForkedBooter.invokeProviderInSameClassLoader(ForkedBooter.java:200)
	at org.apache.maven.surefire.booter.ForkedBooter.runSuitesInProcess(ForkedBooter.java:153)
	at org.apache.maven.surefire.booter.ForkedBooter.main(ForkedBooter.java:103)
Caused by: java.lang.AssertionError: Game cannot be deleted because it was not found... expected [true] but found [false]
	at stepDefs.DeleteGames.borramos_Game_con_atributos_Name_Platform_y_Genre(DeleteGames.java:29)
	at âœ½.And Borramos Game con atributos Name "JUEGO NO EXISTE Y FALLARA" Platform "PLATAFORMA NO EXISTE Y FALLARA" y Genre "GENERO NO EXISTE Y FALLARA"(DeleteGames.feature:10)
... Removed 24 stack frames]]>
    </failure>
  </testcase> <!-- feature -->
  <testcase name="feature" time="0.0" classname="runnerFiles.Games_FeatureRunner"/>
</testsuite> <!-- Command line test 6449bd52-6c7d-4d30-bb79-f7374648d2a9 -->
