<?xml version="1.0" encoding="UTF-8"?>
<!-- Generated by org.testng.reporters.JUnitXMLReporter -->
<testsuite hostname="SUPERFAST" name="Command line test 3f42048c-f02a-40b7-b6b9-58e7869e2286" tests="2" failures="1" timestamp="15 Mar 2017 23:21:09 GMT" time="11.423" errors="0">
  <testcase name="feature" time="0.062" classname="runnerFiles.Regression_Core_FeatureRunner"/>
  <testcase name="feature" time="10.089" classname="runnerFiles.Regression_Core_FeatureRunner">
    <failure type="cucumber.runtime.CucumberException" message="cucumber.runtime.CucumberException: Arity mismatch: Step Definition &amp;apos;stepDefs.TestCaseGameDB2.navigate_to_gamedb_herokuapp_com() in file:/C:/Java/Workspace/VPCodingClub-master/VPCodingClub-master/SeleniumCucumberMaster/target/test-classes/&amp;apos; with pattern [^Navigate to gamedb(\d+)\.herokuapp\.com$] is declared with 0 parameters. However, the gherkin step has 1 arguments [2]. 
Step: Given Navigate to gamedb2.herokuapp.com">
      <![CDATA[cucumber.runtime.CucumberException: cucumber.runtime.CucumberException: Arity mismatch: Step Definition 'stepDefs.TestCaseGameDB2.navigate_to_gamedb_herokuapp_com() in file:/C:/Java/Workspace/VPCodingClub-master/VPCodingClub-master/SeleniumCucumberMaster/target/test-classes/' with pattern [^Navigate to gamedb(\d+)\.herokuapp\.com$] is declared with 0 parameters. However, the gherkin step has 1 arguments [2]. 
Step: Given Navigate to gamedb2.herokuapp.com
	at cucumber.api.testng.TestNGCucumberRunner.runCucumber(TestNGCucumberRunner.java:69)
	at cucumber.api.testng.AbstractTestNGCucumberTests.feature(AbstractTestNGCucumberTests.java:21)
	at org.apache.maven.surefire.testng.TestNGExecutor.run(TestNGExecutor.java:91)
	at org.apache.maven.surefire.testng.TestNGDirectoryTestSuite.executeSingleClass(TestNGDirectoryTestSuite.java:128)
	at org.apache.maven.surefire.testng.TestNGDirectoryTestSuite.execute(TestNGDirectoryTestSuite.java:112)
	at org.apache.maven.surefire.testng.TestNGProvider.invoke(TestNGProvider.java:113)
	at org.apache.maven.surefire.booter.ForkedBooter.invokeProviderInSameClassLoader(ForkedBooter.java:200)
	at org.apache.maven.surefire.booter.ForkedBooter.runSuitesInProcess(ForkedBooter.java:153)
	at org.apache.maven.surefire.booter.ForkedBooter.main(ForkedBooter.java:103)
Caused by: cucumber.runtime.CucumberException: Arity mismatch: Step Definition 'stepDefs.TestCaseGameDB2.navigate_to_gamedb_herokuapp_com() in file:/C:/Java/Workspace/VPCodingClub-master/VPCodingClub-master/SeleniumCucumberMaster/target/test-classes/' with pattern [^Navigate to gamedb(\d+)\.herokuapp\.com$] is declared with 0 parameters. However, the gherkin step has 1 arguments [2]. 
Step: Given Navigate to gamedb2.herokuapp.com
	at cucumber.runtime.StepDefinitionMatch.arityMismatch(StepDefinitionMatch.java:102)
	at cucumber.runtime.StepDefinitionMatch.transformedArgs(StepDefinitionMatch.java:60)
	at cucumber.runtime.StepDefinitionMatch.runStep(StepDefinitionMatch.java:37)
	at cucumber.runtime.Runtime.runStep(Runtime.java:299)
	at cucumber.runtime.model.StepContainer.runStep(StepContainer.java:44)
	at cucumber.runtime.model.StepContainer.runSteps(StepContainer.java:39)
	at cucumber.runtime.model.CucumberScenario.run(CucumberScenario.java:44)
	at cucumber.runtime.model.CucumberScenarioOutline.run(CucumberScenarioOutline.java:46)
	at cucumber.runtime.model.CucumberFeature.run(CucumberFeature.java:165)
	at cucumber.api.testng.TestNGCucumberRunner.runCucumber(TestNGCucumberRunner.java:63)
	... 29 more
... Removed 21 stack frames]]>
    </failure>
  </testcase> <!-- feature -->
</testsuite> <!-- Command line test 3f42048c-f02a-40b7-b6b9-58e7869e2286 -->
