<?xml version="1.0" encoding="UTF-8"?>
<!-- Generated by org.testng.reporters.JUnitXMLReporter -->
<testsuite hostname="SUPERFAST" name="Command line test 24616e0d-187a-47a4-a748-00c16290a38f" tests="2" failures="1" timestamp="15 Mar 2017 23:49:38 GMT" time="20.374" errors="0">
  <testcase name="feature" time="0.031" classname="runnerFiles.Regression_Core_FeatureRunner"/>
  <testcase name="feature" time="19.038" classname="runnerFiles.Regression_Core_FeatureRunner">
    <failure type="cucumber.runtime.CucumberException" message="java.lang.AssertionError: expected [credenciales correctas] but found []">
      <![CDATA[cucumber.runtime.CucumberException: java.lang.AssertionError: expected [credenciales correctas] but found []
	at cucumber.api.testng.TestNGCucumberRunner.runCucumber(TestNGCucumberRunner.java:69)
	at cucumber.api.testng.AbstractTestNGCucumberTests.feature(AbstractTestNGCucumberTests.java:21)
	at org.apache.maven.surefire.testng.TestNGExecutor.run(TestNGExecutor.java:91)
	at org.apache.maven.surefire.testng.TestNGDirectoryTestSuite.executeSingleClass(TestNGDirectoryTestSuite.java:128)
	at org.apache.maven.surefire.testng.TestNGDirectoryTestSuite.execute(TestNGDirectoryTestSuite.java:112)
	at org.apache.maven.surefire.testng.TestNGProvider.invoke(TestNGProvider.java:113)
	at org.apache.maven.surefire.booter.ForkedBooter.invokeProviderInSameClassLoader(ForkedBooter.java:200)
	at org.apache.maven.surefire.booter.ForkedBooter.runSuitesInProcess(ForkedBooter.java:153)
	at org.apache.maven.surefire.booter.ForkedBooter.main(ForkedBooter.java:103)
Caused by: java.lang.AssertionError: expected [credenciales correctas] but found []
	at stepDefs.TestCaseGameDB2.validamos_que_ingresamos_a_la_pagina_con_el_mensaje(TestCaseGameDB2.java:57)
	at âœ½.Then Validamos que ingresamos a la pagina con el mensaje "credenciales correctas"(Test2.feature:10)
... Removed 26 stack frames]]>
    </failure>
  </testcase> <!-- feature -->
</testsuite> <!-- Command line test 24616e0d-187a-47a4-a748-00c16290a38f -->
