<?xml version="1.0" encoding="UTF-8"?>
<!-- Generated by org.testng.reporters.JUnitXMLReporter -->
<testsuite hostname="SUPERFAST" name="Command line test b65fc0f9-91e3-4328-aa1a-96a85f72c63a" tests="2" failures="1" timestamp="15 Mar 2017 23:32:29 GMT" time="33.424" errors="0">
  <testcase name="feature" time="0.015" classname="runnerFiles.Regression_Core_FeatureRunner"/>
  <testcase name="feature" time="32.25" classname="runnerFiles.Regression_Core_FeatureRunner">
    <failure type="cucumber.runtime.CucumberException" message="java.lang.AssertionError: expected [This password is not correct.] but found []">
      <![CDATA[cucumber.runtime.CucumberException: java.lang.AssertionError: expected [This password is not correct.] but found []
	at cucumber.api.testng.TestNGCucumberRunner.runCucumber(TestNGCucumberRunner.java:69)
	at cucumber.api.testng.AbstractTestNGCucumberTests.feature(AbstractTestNGCucumberTests.java:21)
	at org.apache.maven.surefire.testng.TestNGExecutor.run(TestNGExecutor.java:91)
	at org.apache.maven.surefire.testng.TestNGDirectoryTestSuite.executeSingleClass(TestNGDirectoryTestSuite.java:128)
	at org.apache.maven.surefire.testng.TestNGDirectoryTestSuite.execute(TestNGDirectoryTestSuite.java:112)
	at org.apache.maven.surefire.testng.TestNGProvider.invoke(TestNGProvider.java:113)
	at org.apache.maven.surefire.booter.ForkedBooter.invokeProviderInSameClassLoader(ForkedBooter.java:200)
	at org.apache.maven.surefire.booter.ForkedBooter.runSuitesInProcess(ForkedBooter.java:153)
	at org.apache.maven.surefire.booter.ForkedBooter.main(ForkedBooter.java:103)
Caused by: java.lang.AssertionError: expected [This password is not correct.] but found []
	at stepDefs.TestCaseGameDB2.validamos_que_ingresamos_a_la_pagina_con_el_mensaje(TestCaseGameDB2.java:56)
	at âœ½.Then Validamos que ingresamos a la pagina con el mensaje "This password is not correct."(Test2.feature:10)
... Removed 26 stack frames]]>
    </failure>
  </testcase> <!-- feature -->
</testsuite> <!-- Command line test b65fc0f9-91e3-4328-aa1a-96a85f72c63a -->
