<?xml version="1.0" encoding="UTF-8"?>
<!-- Generated by org.testng.reporters.JUnitXMLReporter -->
<testsuite hostname="SUPERFAST" name="Command line test 6c029ca5-44a4-4260-9382-77e37c8a9e05" tests="2" failures="1" timestamp="20 Mar 2017 03:21:30 GMT" time="72.585" errors="0">
  <testcase name="feature" time="0.047" classname="runnerFiles.Regression_Core_FeatureRunner"/>
  <testcase name="feature" time="71.772" classname="runnerFiles.Regression_Core_FeatureRunner">
    <failure type="cucumber.runtime.CucumberException" message="java.lang.AssertionError: expected [https://gamedb2.herokuapp.com/] but found [https://gamedb2.herokuapp.com]">
      <![CDATA[cucumber.runtime.CucumberException: java.lang.AssertionError: expected [https://gamedb2.herokuapp.com/] but found [https://gamedb2.herokuapp.com]
	at cucumber.api.testng.TestNGCucumberRunner.runCucumber(TestNGCucumberRunner.java:69)
	at cucumber.api.testng.AbstractTestNGCucumberTests.feature(AbstractTestNGCucumberTests.java:21)
	at org.apache.maven.surefire.testng.TestNGExecutor.run(TestNGExecutor.java:91)
	at org.apache.maven.surefire.testng.TestNGDirectoryTestSuite.executeSingleClass(TestNGDirectoryTestSuite.java:128)
	at org.apache.maven.surefire.testng.TestNGDirectoryTestSuite.execute(TestNGDirectoryTestSuite.java:112)
	at org.apache.maven.surefire.testng.TestNGProvider.invoke(TestNGProvider.java:113)
	at org.apache.maven.surefire.booter.ForkedBooter.invokeProviderInSameClassLoader(ForkedBooter.java:200)
	at org.apache.maven.surefire.booter.ForkedBooter.runSuitesInProcess(ForkedBooter.java:153)
	at org.apache.maven.surefire.booter.ForkedBooter.main(ForkedBooter.java:103)
Caused by: java.lang.AssertionError: expected [https://gamedb2.herokuapp.com/] but found [https://gamedb2.herokuapp.com]
	at stepDefs.TestCaseGameDB2.validamos_que_ingresamos_a_pagina_con_mensaje_y_condicion_y_name(TestCaseGameDB2.java:64)
	at âœ½.Then Validamos que ingresamos a pagina con mensaje "" y condicion "successfull login" y name "Oscar"(Test2.feature:10)
... Removed 26 stack frames]]>
    </failure>
  </testcase> <!-- feature -->
</testsuite> <!-- Command line test 6c029ca5-44a4-4260-9382-77e37c8a9e05 -->
