<html>
<head>
<title>TestNG:  Command line test 3f42048c-f02a-40b7-b6b9-58e7869e2286</title>
<link href="../testng.css" rel="stylesheet" type="text/css" />
<link href="../my-testng.css" rel="stylesheet" type="text/css" />

<style type="text/css">
.log { display: none;} 
.stack-trace { display: none;} 
</style>
<script type="text/javascript">
<!--
function flip(e) {
  current = e.style.display;
  if (current == 'block') {
    e.style.display = 'none';
    return 0;
  }
  else {
    e.style.display = 'block';
    return 1;
  }
}

function toggleBox(szDivId, elem, msg1, msg2)
{
  var res = -1;  if (document.getElementById) {
    res = flip(document.getElementById(szDivId));
  }
  else if (document.all) {
    // this is the way old msie versions work
    res = flip(document.all[szDivId]);
  }
  if(elem) {
    if(res == 0) elem.innerHTML = msg1; else elem.innerHTML = msg2;
  }

}

function toggleAllBoxes() {
  if (document.getElementsByTagName) {
    d = document.getElementsByTagName('div');
    for (i = 0; i < d.length; i++) {
      if (d[i].className == 'log') {
        flip(d[i]);
      }
    }
  }
}

// -->
</script>

</head>
<body>
<h2 align='center'>Command line test 3f42048c-f02a-40b7-b6b9-58e7869e2286</h2><table border='1' align="center">
<tr>
<td>Tests passed/Failed/Skipped:</td><td>1/1/0</td>
</tr><tr>
<td>Started on:</td><td>Wed Mar 15 19:20:58 GMT-04:00 2017</td>
</tr>
<tr><td>Total time:</td><td>11 seconds (11423 ms)</td>
</tr><tr>
<td>Included groups:</td><td></td>
</tr><tr>
<td>Excluded groups:</td><td></td>
</tr>
</table><p/>
<small><i>(Hover the method name to see the test class name)</i></small><p/>
<table width='100%' border='1' class='invocation-failed'>
<tr><td colspan='4' align='center'><b>FAILED TESTS</b></td></tr>
<tr><td><b>Test method</b></td>
<td width="30%"><b>Exception</b></td>
<td width="10%"><b>Time (seconds)</b></td>
<td><b>Instance</b></td>
</tr>
<tr>
<td title='runnerFiles.Regression_Core_FeatureRunner.feature()'><b>feature</b><br>Test class: runnerFiles.Regression_Core_FeatureRunner<br>Test method: Runs Cucumber Feature<br>Parameters: Prueba de login GameDB2<br/>
<a href="#Output-26970580" onClick='toggleBox("Output-26970580", this, "Show output", "Hide output");'>Show output</a>

<a href="#Output-26970580" onClick="toggleAllBoxes();">Show all outputs</a>
<div class='log' id="Output-26970580">
$$$$$$$$$$$$$$$$$$$$$ Start of execution of scenario with name: Ingreso con credenciales invalidas    $$$$$$$$$$$$$$$$$$$$$$$<br/>
operating system: Windows 8.1<br/>
operating system: Windows 8.1<br/>
operating system: Windows 8.1<br/>
operating system: Windows 8.1<br/>
operating system: Windows 8.1<br/>
operating system: Windows 8.1<br/>
operating system: Windows 8.1<br/>
operating system: Windows 8.1<br/>
operating system: Windows 8.1<br/>
operating system: Windows 8.1<br/>
--------------------------- Launching Chrome Browser on Local machine -----------------------<br/>
$$$$$$$$$$$$$$$$$$$$$ Completion of execution of scenario with name: Ingreso con credenciales invalidas    $$$$$$$$$$$$$$$$$$$$$$$<br/>
</div>
</td>
<td><div><pre>cucumber.runtime.CucumberException: cucumber.runtime.CucumberException: Arity mismatch: Step Definition &apos;stepDefs.TestCaseGameDB2.navigate_to_gamedb_herokuapp_com() in file:/C:/Java/Workspace/VPCodingClub-master/VPCodingClub-master/SeleniumCucumberMaster/target/test-classes/&apos; with pattern [^Navigate to gamedb(\d+)\.herokuapp\.com$] is declared with 0 parameters. However, the gherkin step has 1 arguments [2]. 
Step: Given Navigate to gamedb2.herokuapp.com
	at cucumber.api.testng.TestNGCucumberRunner.runCucumber(TestNGCucumberRunner.java:69)
	at cucumber.api.testng.AbstractTestNGCucumberTests.feature(AbstractTestNGCucumberTests.java:21)
	at org.apache.maven.surefire.testng.TestNGExecutor.run(TestNGExecutor.java:91)
	at org.apache.maven.surefire.testng.TestNGDirectoryTestSuite.executeSingleClass(TestNGDirectoryTestSuite.java:128)
	at org.apache.maven.surefire.testng.TestNGDirectoryTestSuite.execute(TestNGDirectoryTestSuite.java:112)
	at org.apache.maven.surefire.testng.TestNGProvider.invoke(TestNGProvider.java:113)
	at org.apache.maven.surefire.booter.ForkedBooter.invokeProviderInSameClassLoader(ForkedBooter.java:200)
	at org.apache.maven.surefire.booter.ForkedBooter.runSuitesInProcess(ForkedBooter.java:153)
	at org.apache.maven.surefire.booter.ForkedBooter.main(ForkedBooter.java:103)
Caused by: cucumber.runtime.CucumberException: Arity mismatch: Step Definition &apos;stepDefs.TestCaseGameDB2.navigate_to_gamedb_herokuapp_com() in file:/C:/Java/Workspace/VPCodingClub-master/VPCodingClub-master/SeleniumCucumberMaster/target/test-classes/&apos; with pattern [^Navigate to gamedb(\d+)\.herokuapp\.com$] is declared with 0 parameters. However, the gherkin step has 1 arguments [2]. 
Step: Given Navigate to gamedb2.herokuapp.com
	at cucumber.runtime.StepDefinitionMatch.arityMismatch(StepDefinitionMatch.java:102)
	at cucumber.runtime.StepDefinitionMatch.transformedArgs(StepDefinitionMatch.java:60)
	at cucumber.runtime.StepDefinitionMatch.runStep(StepDefinitionMatch.java:37)
	at cucumber.runtime.Runtime.runStep(Runtime.java:299)
	at cucumber.runtime.model.StepContainer.runStep(StepContainer.java:44)
	at cucumber.runtime.model.StepContainer.runSteps(StepContainer.java:39)
	at cucumber.runtime.model.CucumberScenario.run(CucumberScenario.java:44)
	at cucumber.runtime.model.CucumberScenarioOutline.run(CucumberScenarioOutline.java:46)
	at cucumber.runtime.model.CucumberFeature.run(CucumberFeature.java:165)
	at cucumber.api.testng.TestNGCucumberRunner.runCucumber(TestNGCucumberRunner.java:63)
	... 29 more
... Removed 21 stack frames</pre></div><a href='#' onClick='toggleBox("stack-trace26970580", this, "Click to show all stack frames", "Click to hide stack frames")'>Click to show all stack frames</a>
<div class='stack-trace' id='stack-trace26970580'><pre>cucumber.runtime.CucumberException: cucumber.runtime.CucumberException: Arity mismatch: Step Definition &apos;stepDefs.TestCaseGameDB2.navigate_to_gamedb_herokuapp_com() in file:/C:/Java/Workspace/VPCodingClub-master/VPCodingClub-master/SeleniumCucumberMaster/target/test-classes/&apos; with pattern [^Navigate to gamedb(\d+)\.herokuapp\.com$] is declared with 0 parameters. However, the gherkin step has 1 arguments [2]. 
Step: Given Navigate to gamedb2.herokuapp.com
	at cucumber.api.testng.TestNGCucumberRunner.runCucumber(TestNGCucumberRunner.java:69)
	at cucumber.api.testng.AbstractTestNGCucumberTests.feature(AbstractTestNGCucumberTests.java:21)
	at sun.reflect.NativeMethodAccessorImpl.invoke0(Native Method)
	at sun.reflect.NativeMethodAccessorImpl.invoke(NativeMethodAccessorImpl.java:62)
	at sun.reflect.DelegatingMethodAccessorImpl.invoke(DelegatingMethodAccessorImpl.java:43)
	at java.lang.reflect.Method.invoke(Method.java:498)
	at org.testng.internal.MethodInvocationHelper.invokeMethod(MethodInvocationHelper.java:80)
	at org.testng.internal.Invoker.invokeMethod(Invoker.java:714)
	at org.testng.internal.Invoker.invokeTestMethod(Invoker.java:901)
	at org.testng.internal.Invoker.invokeTestMethods(Invoker.java:1231)
	at org.testng.internal.TestMethodWorker.invokeTestMethods(TestMethodWorker.java:127)
	at org.testng.internal.TestMethodWorker.run(TestMethodWorker.java:111)
	at org.testng.TestRunner.privateRun(TestRunner.java:767)
	at org.testng.TestRunner.run(TestRunner.java:617)
	at org.testng.SuiteRunner.runTest(SuiteRunner.java:334)
	at org.testng.SuiteRunner.runSequentially(SuiteRunner.java:329)
	at org.testng.SuiteRunner.privateRun(SuiteRunner.java:291)
	at org.testng.SuiteRunner.run(SuiteRunner.java:240)
	at org.testng.SuiteRunnerWorker.runSuite(SuiteRunnerWorker.java:52)
	at org.testng.SuiteRunnerWorker.run(SuiteRunnerWorker.java:86)
	at org.testng.TestNG.runSuitesSequentially(TestNG.java:1198)
	at org.testng.TestNG.runSuitesLocally(TestNG.java:1123)
	at org.testng.TestNG.run(TestNG.java:1031)
	at org.apache.maven.surefire.testng.TestNGExecutor.run(TestNGExecutor.java:91)
	at org.apache.maven.surefire.testng.TestNGDirectoryTestSuite.executeSingleClass(TestNGDirectoryTestSuite.java:128)
	at org.apache.maven.surefire.testng.TestNGDirectoryTestSuite.execute(TestNGDirectoryTestSuite.java:112)
	at org.apache.maven.surefire.testng.TestNGProvider.invoke(TestNGProvider.java:113)
	at org.apache.maven.surefire.booter.ForkedBooter.invokeProviderInSameClassLoader(ForkedBooter.java:200)
	at org.apache.maven.surefire.booter.ForkedBooter.runSuitesInProcess(ForkedBooter.java:153)
	at org.apache.maven.surefire.booter.ForkedBooter.main(ForkedBooter.java:103)
Caused by: cucumber.runtime.CucumberException: Arity mismatch: Step Definition &apos;stepDefs.TestCaseGameDB2.navigate_to_gamedb_herokuapp_com() in file:/C:/Java/Workspace/VPCodingClub-master/VPCodingClub-master/SeleniumCucumberMaster/target/test-classes/&apos; with pattern [^Navigate to gamedb(\d+)\.herokuapp\.com$] is declared with 0 parameters. However, the gherkin step has 1 arguments [2]. 
Step: Given Navigate to gamedb2.herokuapp.com
	at cucumber.runtime.StepDefinitionMatch.arityMismatch(StepDefinitionMatch.java:102)
	at cucumber.runtime.StepDefinitionMatch.transformedArgs(StepDefinitionMatch.java:60)
	at cucumber.runtime.StepDefinitionMatch.runStep(StepDefinitionMatch.java:37)
	at cucumber.runtime.Runtime.runStep(Runtime.java:299)
	at cucumber.runtime.model.StepContainer.runStep(StepContainer.java:44)
	at cucumber.runtime.model.StepContainer.runSteps(StepContainer.java:39)
	at cucumber.runtime.model.CucumberScenario.run(CucumberScenario.java:44)
	at cucumber.runtime.model.CucumberScenarioOutline.run(CucumberScenarioOutline.java:46)
	at cucumber.runtime.model.CucumberFeature.run(CucumberFeature.java:165)
	at cucumber.api.testng.TestNGCucumberRunner.runCucumber(TestNGCucumberRunner.java:63)
	... 29 more
</pre></div></td>
<td>10</td>
<td>runnerFiles.Regression_Core_FeatureRunner@531be3c5</td></tr>
</table><p>
<table width='100%' border='1' class='invocation-passed'>
<tr><td colspan='4' align='center'><b>PASSED TESTS</b></td></tr>
<tr><td><b>Test method</b></td>
<td width="30%"><b>Exception</b></td>
<td width="10%"><b>Time (seconds)</b></td>
<td><b>Instance</b></td>
</tr>
<tr>
<td title='runnerFiles.Regression_Core_FeatureRunner.feature()'><b>feature</b><br>Test class: runnerFiles.Regression_Core_FeatureRunner<br>Test method: Runs Cucumber Feature<br>Parameters: Prueba de Loging</td>
<td></td>
<td>0</td>
<td>runnerFiles.Regression_Core_FeatureRunner@531be3c5</td></tr>
</table><p>
</body>
</html>